  mainForm.cpp
D:\BKHN\Ky_20212\CTDL&DT\BTL_2\Dictionary\mainForm.h(190,55): warning C4477: 'sprintf' : format string '%s' requires an argument of type 'char *', but variadic argument 1 has type 'System::String ^'
D:\BKHN\Ky_20212\CTDL&DT\BTL_2\Dictionary\mainForm.h(206,1): warning C4267: 'argument': conversion from 'size_t' to 'int', possible loss of data
D:\BKHN\Ky_20212\CTDL&DT\BTL_2\Dictionary\mainForm.h(253,1): warning C4267: 'argument': conversion from 'size_t' to 'int', possible loss of data
D:\BKHN\Ky_20212\CTDL&DT\BTL_2\Dictionary\mainForm.h(685,17): warning C4477: 'sprintf' : format string '%s' requires an argument of type 'char *', but variadic argument 1 has type 'System::String ^'
D:\BKHN\Ky_20212\CTDL&DT\BTL_2\Dictionary\mainForm.h(687,17): warning C4477: 'sprintf' : format string '%s' requires an argument of type 'char *', but variadic argument 1 has type 'System::String ^'
D:\BKHN\Ky_20212\CTDL&DT\BTL_2\Dictionary\mainForm.h(693,1): warning C4267: 'argument': conversion from 'size_t' to 'int', possible loss of data
D:\BKHN\Ky_20212\CTDL&DT\BTL_2\Dictionary\mainForm.h(695,1): warning C4267: 'argument': conversion from 'size_t' to 'int', possible loss of data
D:\BKHN\Ky_20212\CTDL&DT\BTL_2\Dictionary\mainForm.h(711,1): warning C4267: '=': conversion from 'size_t' to 'int', possible loss of data
D:\BKHN\Ky_20212\CTDL&DT\BTL_2\Dictionary\mainForm.h(718,1): warning C4267: '=': conversion from 'size_t' to 'int', possible loss of data
D:\BKHN\Ky_20212\CTDL&DT\BTL_2\Dictionary\mainForm.h(754,17): warning C4477: 'sprintf' : format string '%s' requires an argument of type 'char *', but variadic argument 1 has type 'System::String ^'
D:\BKHN\Ky_20212\CTDL&DT\BTL_2\Dictionary\mainForm.h(758,18): warning C4477: 'sprintf' : format string '%s' requires an argument of type 'char *', but variadic argument 1 has type 'System::String ^'
D:\BKHN\Ky_20212\CTDL&DT\BTL_2\Dictionary\mainForm.h(760,18): warning C4477: 'sprintf' : format string '%s' requires an argument of type 'char *', but variadic argument 1 has type 'System::String ^'
D:\BKHN\Ky_20212\CTDL&DT\BTL_2\Dictionary\mainForm.h(798,1): warning C4267: '=': conversion from 'size_t' to 'int', possible loss of data
D:\BKHN\Ky_20212\CTDL&DT\BTL_2\Dictionary\mainForm.h(828,1): warning C4267: '=': conversion from 'size_t' to 'int', possible loss of data
D:\BKHN\Ky_20212\CTDL&DT\BTL_2\Dictionary\mainForm.h(850,17): warning C4477: 'sprintf' : format string '%s' requires an argument of type 'char *', but variadic argument 1 has type 'System::String ^'
D:\BKHN\Ky_20212\CTDL&DT\BTL_2\Dictionary\mainForm.h(909,15): warning C4477: 'sprintf' : format string '%s' requires an argument of type 'char *', but variadic argument 1 has type 'System::String ^'
D:\BKHN\Ky_20212\CTDL&DT\BTL_2\Dictionary\mainForm.cpp(7,33): warning C4829: Possibly incorrect parameters to function main. Consider 'int main(Platform::Array<Platform::String^>^ argv)'
  .NETFramework,Version=v4.7.2.AssemblyAttributes.cpp
  Generating Code...
  mainForm.obj : MSIL module encountered; incremental linking is disabled for MSIL; performing full link
  Dictionary.vcxproj -> D:\BKHN\Ky_20212\CTDL&DT\BTL_2\x64\Release\Dictionary.exe
